<?xml version="1.0" encoding="UTF-8"?>
<!-- Generated by org.testng.reporters.JUnitXMLReporter -->
<testsuite hostname="JAI" ignored="0" name="Test" tests="2" failures="0" timestamp="02 Jul 2019 11:05:17 GMT" time="155.382" errors="0">
  <testcase name="Registration_data" time="57.155" classname="TestApplication.TestApplication.TestNgParameterization"/>
  <testcase name="Registration_data" time="23.416" classname="TestApplication.TestApplication.TestNgParameterization"/>
</testsuite> <!-- Test -->
