<?xml version="1.0" encoding="UTF-8"?>
<!-- Generated by org.testng.reporters.JUnitXMLReporter -->
<testsuite hostname="JAI" ignored="0" name="Default test" tests="2" failures="0" timestamp="03 Jul 2019 07:10:08 GMT" time="11.514" errors="0">
  <testcase name="executeSessionTwo" time="6.294" classname="TestApplication.TestApplication.ParallelExecutionTestng"/>
  <testcase name="executSessionOne" time="5.162" classname="TestApplication.TestApplication.ParallelExecutionTestng"/>
</testsuite> <!-- Default test -->
