<?xml version="1.0" encoding="UTF-8"?>
<!-- Generated by org.testng.reporters.JUnitXMLReporter -->
<testsuite hostname="JAI" ignored="0" name="Default test" tests="3" failures="0" timestamp="03 Jul 2019 06:18:34 GMT" time="32.966" errors="0">
  <testcase name="executSessionOne" time="11.529" classname="TestApplication.TestApplication.ParallelExecutionTestng"/>
  <testcase name="executSessionThree" time="8.888" classname="TestApplication.TestApplication.ParallelExecutionTestng"/>
  <testcase name="executeSessionTwo" time="12.467" classname="TestApplication.TestApplication.ParallelExecutionTestng"/>
</testsuite> <!-- Default test -->
