<?xml version="1.0" encoding="UTF-8"?>
<testng-results skipped="0" failed="0" ignored="0" total="5" passed="5">
  <reporter-output>
  </reporter-output>
  <suite name="Suite" duration-ms="15862" started-at="2019-07-03T07:56:53Z" finished-at="2019-07-03T07:57:09Z">
    <groups>
      <group name="bonding">
        <method signature="GrouppingTestNg$TC_Class1.tc01LaunchURL()[pri:0, instance:TestApplication.TestApplication.GrouppingTestNg$TC_Class1@428640fa]" name="tc01LaunchURL" class="TestApplication.TestApplication.GrouppingTestNg$TC_Class1"/>
        <method signature="GrouppingTestNg$TC_Class1.tc02VerifyLaunchPage()[pri:0, instance:TestApplication.TestApplication.GrouppingTestNg$TC_Class1@428640fa]" name="tc02VerifyLaunchPage" class="TestApplication.TestApplication.GrouppingTestNg$TC_Class1"/>
        <method signature="GrouppingTestNg$TC_Class1.tc03EnterCredentials()[pri:0, instance:TestApplication.TestApplication.GrouppingTestNg$TC_Class1@428640fa]" name="tc03EnterCredentials" class="TestApplication.TestApplication.GrouppingTestNg$TC_Class1"/>
        <method signature="GrouppingTestNg$TC_Class1.tc05VerifyHyperlinks()[pri:0, instance:TestApplication.TestApplication.GrouppingTestNg$TC_Class1@428640fa]" name="tc05VerifyHyperlinks" class="TestApplication.TestApplication.GrouppingTestNg$TC_Class1"/>
      </group> <!-- bonding -->
      <group name="strong_ties">
        <method signature="GrouppingTestNg$TC_Class1.tc01LaunchURL()[pri:0, instance:TestApplication.TestApplication.GrouppingTestNg$TC_Class1@428640fa]" name="tc01LaunchURL" class="TestApplication.TestApplication.GrouppingTestNg$TC_Class1"/>
        <method signature="GrouppingTestNg$TC_Class1.tc03EnterCredentials()[pri:0, instance:TestApplication.TestApplication.GrouppingTestNg$TC_Class1@428640fa]" name="tc03EnterCredentials" class="TestApplication.TestApplication.GrouppingTestNg$TC_Class1"/>
        <method signature="GrouppingTestNg$TC_Class1.tc04VerifyLoggedInPage()[pri:0, instance:TestApplication.TestApplication.GrouppingTestNg$TC_Class1@428640fa]" name="tc04VerifyLoggedInPage" class="TestApplication.TestApplication.GrouppingTestNg$TC_Class1"/>
      </group> <!-- strong_ties -->
    </groups>
    <test name="testParallel" duration-ms="15862" started-at="2019-07-03T07:56:53Z" finished-at="2019-07-03T07:57:09Z">
      <class name="TestApplication.TestApplication.GrouppingTestNg$TC_Class1">
        <test-method status="PASS" signature="tc01LaunchURL()[pri:0, instance:TestApplication.TestApplication.GrouppingTestNg$TC_Class1@428640fa]" name="tc01LaunchURL" duration-ms="9990" started-at="2019-07-03T07:56:53Z" finished-at="2019-07-03T07:57:03Z">
          <reporter-output>
          </reporter-output>
        </test-method> <!-- tc01LaunchURL -->
        <test-method status="PASS" signature="tc02VerifyLaunchPage()[pri:0, instance:TestApplication.TestApplication.GrouppingTestNg$TC_Class1@428640fa]" name="tc02VerifyLaunchPage" duration-ms="125" started-at="2019-07-03T07:57:03Z" finished-at="2019-07-03T07:57:03Z">
          <reporter-output>
          </reporter-output>
        </test-method> <!-- tc02VerifyLaunchPage -->
        <test-method status="PASS" signature="tc03EnterCredentials()[pri:0, instance:TestApplication.TestApplication.GrouppingTestNg$TC_Class1@428640fa]" name="tc03EnterCredentials" duration-ms="5511" started-at="2019-07-03T07:57:03Z" finished-at="2019-07-03T07:57:08Z">
          <reporter-output>
          </reporter-output>
        </test-method> <!-- tc03EnterCredentials -->
        <test-method status="PASS" signature="tc04VerifyLoggedInPage()[pri:0, instance:TestApplication.TestApplication.GrouppingTestNg$TC_Class1@428640fa]" name="tc04VerifyLoggedInPage" duration-ms="89" started-at="2019-07-03T07:57:08Z" finished-at="2019-07-03T07:57:09Z">
          <reporter-output>
          </reporter-output>
        </test-method> <!-- tc04VerifyLoggedInPage -->
        <test-method status="PASS" signature="tc05VerifyHyperlinks()[pri:0, instance:TestApplication.TestApplication.GrouppingTestNg$TC_Class1@428640fa]" name="tc05VerifyHyperlinks" duration-ms="103" started-at="2019-07-03T07:57:09Z" finished-at="2019-07-03T07:57:09Z">
          <reporter-output>
          </reporter-output>
        </test-method> <!-- tc05VerifyHyperlinks -->
      </class> <!-- TestApplication.TestApplication.GrouppingTestNg$TC_Class1 -->
    </test> <!-- testParallel -->
  </suite> <!-- Suite -->
</testng-results>
