<?xml version="1.0" encoding="UTF-8"?>
<testng-results skipped="0" failed="0" ignored="0" total="1" passed="1">
  <reporter-output>
  </reporter-output>
  <suite name="Default suite" duration-ms="36557" started-at="2019-07-02T07:15:11Z" finished-at="2019-07-02T07:15:47Z">
    <groups>
    </groups>
    <test name="Default test" duration-ms="36557" started-at="2019-07-02T07:15:11Z" finished-at="2019-07-02T07:15:47Z">
      <class name="TestApplication.TestApplication.DataDrivenToRunTestCasesAsMentionedInSheet">
        <test-method status="PASS" signature="beforeMethod()[pri:0, instance:TestApplication.TestApplication.DataDrivenToRunTestCasesAsMentionedInSheet@3532ec19]" name="beforeMethod" is-config="true" duration-ms="22751" started-at="2019-07-02T07:15:12Z" finished-at="2019-07-02T07:15:35Z">
          <reporter-output>
          </reporter-output>
        </test-method> <!-- beforeMethod -->
        <test-method status="PASS" signature="Registration_data(java.lang.String, java.lang.String)[pri:0, instance:TestApplication.TestApplication.DataDrivenToRunTestCasesAsMentionedInSheet@3532ec19]" name="Registration_data" duration-ms="10274" started-at="2019-07-02T07:15:35Z" data-provider="Authentication" finished-at="2019-07-02T07:15:45Z">
          <params>
            <param index="0">
              <value>
                <![CDATA[UserName]]>
              </value>
            </param>
            <param index="1">
              <value>
                <![CDATA[Password]]>
              </value>
            </param>
          </params>
          <reporter-output>
          </reporter-output>
        </test-method> <!-- Registration_data -->
        <test-method status="PASS" signature="afterMethod()[pri:0, instance:TestApplication.TestApplication.DataDrivenToRunTestCasesAsMentionedInSheet@3532ec19]" name="afterMethod" is-config="true" duration-ms="2084" started-at="2019-07-02T07:15:45Z" finished-at="2019-07-02T07:15:47Z">
          <reporter-output>
          </reporter-output>
        </test-method> <!-- afterMethod -->
      </class> <!-- TestApplication.TestApplication.DataDrivenToRunTestCasesAsMentionedInSheet -->
    </test> <!-- Default test -->
  </suite> <!-- Default suite -->
</testng-results>
